<?xml version="1.0" encoding="UTF-8"?>
<testsuite xmlns:xsi="http://www.w3.org/2001/XMLSchema-instance" xsi:noNamespaceSchemaLocation="https://maven.apache.org/surefire/maven-surefire-plugin/xsd/surefire-test-report-3.0.xsd" version="3.0" name="com.yash.govindani.msgboard.MsgboardApplicationTests" time="2.183" tests="1" errors="0" skipped="0" failures="0">
  <properties>
    <property name="java.specification.version" value="21"/>
    <property name="sun.jnu.encoding" value="UTF-8"/>
    <property name="java.class.path" value="/Users/yash.govindani/msgboard/target/test-classes:/Users/yash.govindani/msgboard/target/classes:/Users/yash.govindani/.m2/repository/org/springframework/boot/spring-boot-starter-thymeleaf/3.3.8-SNAPSHOT/spring-boot-starter-thymeleaf-3.3.8-SNAPSHOT.jar:/Users/yash.govindani/.m2/repository/org/springframework/boot/spring-boot-starter/3.3.8-SNAPSHOT/spring-boot-starter-3.3.8-SNAPSHOT.jar:/Users/yash.govindani/.m2/repository/org/springframework/boot/spring-boot/3.3.8-SNAPSHOT/spring-boot-3.3.8-SNAPSHOT.jar:/Users/yash.govindani/.m2/repository/org/springframework/boot/spring-boot-autoconfigure/3.3.8-SNAPSHOT/spring-boot-autoconfigure-3.3.8-SNAPSHOT.jar:/Users/yash.govindani/.m2/repository/org/springframework/boot/spring-boot-starter-logging/3.3.8-SNAPSHOT/spring-boot-starter-logging-3.3.8-SNAPSHOT.jar:/Users/yash.govindani/.m2/repository/ch/qos/logback/logback-classic/1.5.16/logback-classic-1.5.16.jar:/Users/yash.govindani/.m2/repository/ch/qos/logback/logback-core/1.5.16/logback-core-1.5.16.jar:/Users/yash.govindani/.m2/repository/org/apache/logging/log4j/log4j-to-slf4j/2.23.1/log4j-to-slf4j-2.23.1.jar:/Users/yash.govindani/.m2/repository/org/apache/logging/log4j/log4j-api/2.23.1/log4j-api-2.23.1.jar:/Users/yash.govindani/.m2/repository/org/slf4j/jul-to-slf4j/2.0.16/jul-to-slf4j-2.0.16.jar:/Users/yash.govindani/.m2/repository/jakarta/annotation/jakarta.annotation-api/2.1.1/jakarta.annotation-api-2.1.1.jar:/Users/yash.govindani/.m2/repository/org/yaml/snakeyaml/2.2/snakeyaml-2.2.jar:/Users/yash.govindani/.m2/repository/org/thymeleaf/thymeleaf-spring6/3.1.3.RELEASE/thymeleaf-spring6-3.1.3.RELEASE.jar:/Users/yash.govindani/.m2/repository/org/thymeleaf/thymeleaf/3.1.3.RELEASE/thymeleaf-3.1.3.RELEASE.jar:/Users/yash.govindani/.m2/repository/org/attoparser/attoparser/2.0.7.RELEASE/attoparser-2.0.7.RELEASE.jar:/Users/yash.govindani/.m2/repository/org/unbescape/unbescape/1.1.6.RELEASE/unbescape-1.1.6.RELEASE.jar:/Users/yash.govindani/.m2/repository/org/slf4j/slf4j-api/2.0.16/slf4j-api-2.0.16.jar:/Users/yash.govindani/.m2/repository/org/springframework/boot/spring-boot-starter-web/3.3.8-SNAPSHOT/spring-boot-starter-web-3.3.8-SNAPSHOT.jar:/Users/yash.govindani/.m2/repository/org/springframework/boot/spring-boot-starter-json/3.3.8-SNAPSHOT/spring-boot-starter-json-3.3.8-SNAPSHOT.jar:/Users/yash.govindani/.m2/repository/com/fasterxml/jackson/core/jackson-databind/2.17.3/jackson-databind-2.17.3.jar:/Users/yash.govindani/.m2/repository/com/fasterxml/jackson/core/jackson-annotations/2.17.3/jackson-annotations-2.17.3.jar:/Users/yash.govindani/.m2/repository/com/fasterxml/jackson/core/jackson-core/2.17.3/jackson-core-2.17.3.jar:/Users/yash.govindani/.m2/repository/com/fasterxml/jackson/datatype/jackson-datatype-jdk8/2.17.3/jackson-datatype-jdk8-2.17.3.jar:/Users/yash.govindani/.m2/repository/com/fasterxml/jackson/datatype/jackson-datatype-jsr310/2.17.3/jackson-datatype-jsr310-2.17.3.jar:/Users/yash.govindani/.m2/repository/com/fasterxml/jackson/module/jackson-module-parameter-names/2.17.3/jackson-module-parameter-names-2.17.3.jar:/Users/yash.govindani/.m2/repository/org/springframework/boot/spring-boot-starter-tomcat/3.3.8-SNAPSHOT/spring-boot-starter-tomcat-3.3.8-SNAPSHOT.jar:/Users/yash.govindani/.m2/repository/org/apache/tomcat/embed/tomcat-embed-core/10.1.34/tomcat-embed-core-10.1.34.jar:/Users/yash.govindani/.m2/repository/org/apache/tomcat/embed/tomcat-embed-el/10.1.34/tomcat-embed-el-10.1.34.jar:/Users/yash.govindani/.m2/repository/org/apache/tomcat/embed/tomcat-embed-websocket/10.1.34/tomcat-embed-websocket-10.1.34.jar:/Users/yash.govindani/.m2/repository/org/springframework/spring-web/6.1.16/spring-web-6.1.16.jar:/Users/yash.govindani/.m2/repository/org/springframework/spring-beans/6.1.16/spring-beans-6.1.16.jar:/Users/yash.govindani/.m2/repository/io/micrometer/micrometer-observation/1.13.9/micrometer-observation-1.13.9.jar:/Users/yash.govindani/.m2/repository/io/micrometer/micrometer-commons/1.13.9/micrometer-commons-1.13.9.jar:/Users/yash.govindani/.m2/repository/org/springframework/spring-webmvc/6.1.16/spring-webmvc-6.1.16.jar:/Users/yash.govindani/.m2/repository/org/springframework/spring-aop/6.1.16/spring-aop-6.1.16.jar:/Users/yash.govindani/.m2/repository/org/springframework/spring-context/6.1.16/spring-context-6.1.16.jar:/Users/yash.govindani/.m2/repository/org/springframework/spring-expression/6.1.16/spring-expression-6.1.16.jar:/Users/yash.govindani/.m2/repository/org/postgresql/postgresql/42.7.4/postgresql-42.7.4.jar:/Users/yash.govindani/.m2/repository/org/checkerframework/checker-qual/3.42.0/checker-qual-3.42.0.jar:/Users/yash.govindani/.m2/repository/org/springframework/boot/spring-boot-starter-test/3.3.8-SNAPSHOT/spring-boot-starter-test-3.3.8-SNAPSHOT.jar:/Users/yash.govindani/.m2/repository/org/springframework/boot/spring-boot-test/3.3.8-SNAPSHOT/spring-boot-test-3.3.8-SNAPSHOT.jar:/Users/yash.govindani/.m2/repository/org/springframework/boot/spring-boot-test-autoconfigure/3.3.8-SNAPSHOT/spring-boot-test-autoconfigure-3.3.8-SNAPSHOT.jar:/Users/yash.govindani/.m2/repository/com/jayway/jsonpath/json-path/2.9.0/json-path-2.9.0.jar:/Users/yash.govindani/.m2/repository/jakarta/xml/bind/jakarta.xml.bind-api/4.0.2/jakarta.xml.bind-api-4.0.2.jar:/Users/yash.govindani/.m2/repository/jakarta/activation/jakarta.activation-api/2.1.3/jakarta.activation-api-2.1.3.jar:/Users/yash.govindani/.m2/repository/net/minidev/json-smart/2.5.1/json-smart-2.5.1.jar:/Users/yash.govindani/.m2/repository/net/minidev/accessors-smart/2.5.1/accessors-smart-2.5.1.jar:/Users/yash.govindani/.m2/repository/org/ow2/asm/asm/9.6/asm-9.6.jar:/Users/yash.govindani/.m2/repository/org/assertj/assertj-core/3.25.3/assertj-core-3.25.3.jar:/Users/yash.govindani/.m2/repository/net/bytebuddy/byte-buddy/1.14.19/byte-buddy-1.14.19.jar:/Users/yash.govindani/.m2/repository/org/awaitility/awaitility/4.2.2/awaitility-4.2.2.jar:/Users/yash.govindani/.m2/repository/org/hamcrest/hamcrest/2.2/hamcrest-2.2.jar:/Users/yash.govindani/.m2/repository/org/junit/jupiter/junit-jupiter/5.10.5/junit-jupiter-5.10.5.jar:/Users/yash.govindani/.m2/repository/org/junit/jupiter/junit-jupiter-api/5.10.5/junit-jupiter-api-5.10.5.jar:/Users/yash.govindani/.m2/repository/org/opentest4j/opentest4j/1.3.0/opentest4j-1.3.0.jar:/Users/yash.govindani/.m2/repository/org/junit/platform/junit-platform-commons/1.10.5/junit-platform-commons-1.10.5.jar:/Users/yash.govindani/.m2/repository/org/apiguardian/apiguardian-api/1.1.2/apiguardian-api-1.1.2.jar:/Users/yash.govindani/.m2/repository/org/junit/jupiter/junit-jupiter-params/5.10.5/junit-jupiter-params-5.10.5.jar:/Users/yash.govindani/.m2/repository/org/junit/jupiter/junit-jupiter-engine/5.10.5/junit-jupiter-engine-5.10.5.jar:/Users/yash.govindani/.m2/repository/org/junit/platform/junit-platform-engine/1.10.5/junit-platform-engine-1.10.5.jar:/Users/yash.govindani/.m2/repository/org/mockito/mockito-core/5.11.0/mockito-core-5.11.0.jar:/Users/yash.govindani/.m2/repository/net/bytebuddy/byte-buddy-agent/1.14.19/byte-buddy-agent-1.14.19.jar:/Users/yash.govindani/.m2/repository/org/objenesis/objenesis/3.3/objenesis-3.3.jar:/Users/yash.govindani/.m2/repository/org/mockito/mockito-junit-jupiter/5.11.0/mockito-junit-jupiter-5.11.0.jar:/Users/yash.govindani/.m2/repository/org/skyscreamer/jsonassert/1.5.3/jsonassert-1.5.3.jar:/Users/yash.govindani/.m2/repository/com/vaadin/external/google/android-json/0.0.20131108.vaadin1/android-json-0.0.20131108.vaadin1.jar:/Users/yash.govindani/.m2/repository/org/springframework/spring-core/6.1.16/spring-core-6.1.16.jar:/Users/yash.govindani/.m2/repository/org/springframework/spring-jcl/6.1.16/spring-jcl-6.1.16.jar:/Users/yash.govindani/.m2/repository/org/springframework/spring-test/6.1.16/spring-test-6.1.16.jar:/Users/yash.govindani/.m2/repository/org/xmlunit/xmlunit-core/2.9.1/xmlunit-core-2.9.1.jar:"/>
    <property name="java.vm.vendor" value="Oracle Corporation"/>
    <property name="sun.arch.data.model" value="64"/>
    <property name="java.vendor.url" value="https://java.oracle.com/"/>
    <property name="user.timezone" value="Asia/Kolkata"/>
    <property name="os.name" value="Mac OS X"/>
    <property name="java.vm.specification.version" value="21"/>
    <property name="sun.java.launcher" value="SUN_STANDARD"/>
    <property name="user.country" value="IN"/>
    <property name="sun.boot.library.path" value="/Users/yash.govindani/personalSpace/jdk-21.0.5.jdk/Contents/Home/lib"/>
    <property name="sun.java.command" value="/Users/yash.govindani/msgboard/target/surefire/surefirebooter-20250108175215938_3.jar /Users/yash.govindani/msgboard/target/surefire 2025-01-08T17-52-15_846-jvmRun1 surefire-20250108175215938_1tmp surefire_0-20250108175215938_2tmp"/>
    <property name="http.nonProxyHosts" value="local|*.local|169.254/16|*.169.254/16"/>
    <property name="jdk.debug" value="release"/>
    <property name="surefire.test.class.path" value="/Users/yash.govindani/msgboard/target/test-classes:/Users/yash.govindani/msgboard/target/classes:/Users/yash.govindani/.m2/repository/org/springframework/boot/spring-boot-starter-thymeleaf/3.3.8-SNAPSHOT/spring-boot-starter-thymeleaf-3.3.8-SNAPSHOT.jar:/Users/yash.govindani/.m2/repository/org/springframework/boot/spring-boot-starter/3.3.8-SNAPSHOT/spring-boot-starter-3.3.8-SNAPSHOT.jar:/Users/yash.govindani/.m2/repository/org/springframework/boot/spring-boot/3.3.8-SNAPSHOT/spring-boot-3.3.8-SNAPSHOT.jar:/Users/yash.govindani/.m2/repository/org/springframework/boot/spring-boot-autoconfigure/3.3.8-SNAPSHOT/spring-boot-autoconfigure-3.3.8-SNAPSHOT.jar:/Users/yash.govindani/.m2/repository/org/springframework/boot/spring-boot-starter-logging/3.3.8-SNAPSHOT/spring-boot-starter-logging-3.3.8-SNAPSHOT.jar:/Users/yash.govindani/.m2/repository/ch/qos/logback/logback-classic/1.5.16/logback-classic-1.5.16.jar:/Users/yash.govindani/.m2/repository/ch/qos/logback/logback-core/1.5.16/logback-core-1.5.16.jar:/Users/yash.govindani/.m2/repository/org/apache/logging/log4j/log4j-to-slf4j/2.23.1/log4j-to-slf4j-2.23.1.jar:/Users/yash.govindani/.m2/repository/org/apache/logging/log4j/log4j-api/2.23.1/log4j-api-2.23.1.jar:/Users/yash.govindani/.m2/repository/org/slf4j/jul-to-slf4j/2.0.16/jul-to-slf4j-2.0.16.jar:/Users/yash.govindani/.m2/repository/jakarta/annotation/jakarta.annotation-api/2.1.1/jakarta.annotation-api-2.1.1.jar:/Users/yash.govindani/.m2/repository/org/yaml/snakeyaml/2.2/snakeyaml-2.2.jar:/Users/yash.govindani/.m2/repository/org/thymeleaf/thymeleaf-spring6/3.1.3.RELEASE/thymeleaf-spring6-3.1.3.RELEASE.jar:/Users/yash.govindani/.m2/repository/org/thymeleaf/thymeleaf/3.1.3.RELEASE/thymeleaf-3.1.3.RELEASE.jar:/Users/yash.govindani/.m2/repository/org/attoparser/attoparser/2.0.7.RELEASE/attoparser-2.0.7.RELEASE.jar:/Users/yash.govindani/.m2/repository/org/unbescape/unbescape/1.1.6.RELEASE/unbescape-1.1.6.RELEASE.jar:/Users/yash.govindani/.m2/repository/org/slf4j/slf4j-api/2.0.16/slf4j-api-2.0.16.jar:/Users/yash.govindani/.m2/repository/org/springframework/boot/spring-boot-starter-web/3.3.8-SNAPSHOT/spring-boot-starter-web-3.3.8-SNAPSHOT.jar:/Users/yash.govindani/.m2/repository/org/springframework/boot/spring-boot-starter-json/3.3.8-SNAPSHOT/spring-boot-starter-json-3.3.8-SNAPSHOT.jar:/Users/yash.govindani/.m2/repository/com/fasterxml/jackson/core/jackson-databind/2.17.3/jackson-databind-2.17.3.jar:/Users/yash.govindani/.m2/repository/com/fasterxml/jackson/core/jackson-annotations/2.17.3/jackson-annotations-2.17.3.jar:/Users/yash.govindani/.m2/repository/com/fasterxml/jackson/core/jackson-core/2.17.3/jackson-core-2.17.3.jar:/Users/yash.govindani/.m2/repository/com/fasterxml/jackson/datatype/jackson-datatype-jdk8/2.17.3/jackson-datatype-jdk8-2.17.3.jar:/Users/yash.govindani/.m2/repository/com/fasterxml/jackson/datatype/jackson-datatype-jsr310/2.17.3/jackson-datatype-jsr310-2.17.3.jar:/Users/yash.govindani/.m2/repository/com/fasterxml/jackson/module/jackson-module-parameter-names/2.17.3/jackson-module-parameter-names-2.17.3.jar:/Users/yash.govindani/.m2/repository/org/springframework/boot/spring-boot-starter-tomcat/3.3.8-SNAPSHOT/spring-boot-starter-tomcat-3.3.8-SNAPSHOT.jar:/Users/yash.govindani/.m2/repository/org/apache/tomcat/embed/tomcat-embed-core/10.1.34/tomcat-embed-core-10.1.34.jar:/Users/yash.govindani/.m2/repository/org/apache/tomcat/embed/tomcat-embed-el/10.1.34/tomcat-embed-el-10.1.34.jar:/Users/yash.govindani/.m2/repository/org/apache/tomcat/embed/tomcat-embed-websocket/10.1.34/tomcat-embed-websocket-10.1.34.jar:/Users/yash.govindani/.m2/repository/org/springframework/spring-web/6.1.16/spring-web-6.1.16.jar:/Users/yash.govindani/.m2/repository/org/springframework/spring-beans/6.1.16/spring-beans-6.1.16.jar:/Users/yash.govindani/.m2/repository/io/micrometer/micrometer-observation/1.13.9/micrometer-observation-1.13.9.jar:/Users/yash.govindani/.m2/repository/io/micrometer/micrometer-commons/1.13.9/micrometer-commons-1.13.9.jar:/Users/yash.govindani/.m2/repository/org/springframework/spring-webmvc/6.1.16/spring-webmvc-6.1.16.jar:/Users/yash.govindani/.m2/repository/org/springframework/spring-aop/6.1.16/spring-aop-6.1.16.jar:/Users/yash.govindani/.m2/repository/org/springframework/spring-context/6.1.16/spring-context-6.1.16.jar:/Users/yash.govindani/.m2/repository/org/springframework/spring-expression/6.1.16/spring-expression-6.1.16.jar:/Users/yash.govindani/.m2/repository/org/postgresql/postgresql/42.7.4/postgresql-42.7.4.jar:/Users/yash.govindani/.m2/repository/org/checkerframework/checker-qual/3.42.0/checker-qual-3.42.0.jar:/Users/yash.govindani/.m2/repository/org/springframework/boot/spring-boot-starter-test/3.3.8-SNAPSHOT/spring-boot-starter-test-3.3.8-SNAPSHOT.jar:/Users/yash.govindani/.m2/repository/org/springframework/boot/spring-boot-test/3.3.8-SNAPSHOT/spring-boot-test-3.3.8-SNAPSHOT.jar:/Users/yash.govindani/.m2/repository/org/springframework/boot/spring-boot-test-autoconfigure/3.3.8-SNAPSHOT/spring-boot-test-autoconfigure-3.3.8-SNAPSHOT.jar:/Users/yash.govindani/.m2/repository/com/jayway/jsonpath/json-path/2.9.0/json-path-2.9.0.jar:/Users/yash.govindani/.m2/repository/jakarta/xml/bind/jakarta.xml.bind-api/4.0.2/jakarta.xml.bind-api-4.0.2.jar:/Users/yash.govindani/.m2/repository/jakarta/activation/jakarta.activation-api/2.1.3/jakarta.activation-api-2.1.3.jar:/Users/yash.govindani/.m2/repository/net/minidev/json-smart/2.5.1/json-smart-2.5.1.jar:/Users/yash.govindani/.m2/repository/net/minidev/accessors-smart/2.5.1/accessors-smart-2.5.1.jar:/Users/yash.govindani/.m2/repository/org/ow2/asm/asm/9.6/asm-9.6.jar:/Users/yash.govindani/.m2/repository/org/assertj/assertj-core/3.25.3/assertj-core-3.25.3.jar:/Users/yash.govindani/.m2/repository/net/bytebuddy/byte-buddy/1.14.19/byte-buddy-1.14.19.jar:/Users/yash.govindani/.m2/repository/org/awaitility/awaitility/4.2.2/awaitility-4.2.2.jar:/Users/yash.govindani/.m2/repository/org/hamcrest/hamcrest/2.2/hamcrest-2.2.jar:/Users/yash.govindani/.m2/repository/org/junit/jupiter/junit-jupiter/5.10.5/junit-jupiter-5.10.5.jar:/Users/yash.govindani/.m2/repository/org/junit/jupiter/junit-jupiter-api/5.10.5/junit-jupiter-api-5.10.5.jar:/Users/yash.govindani/.m2/repository/org/opentest4j/opentest4j/1.3.0/opentest4j-1.3.0.jar:/Users/yash.govindani/.m2/repository/org/junit/platform/junit-platform-commons/1.10.5/junit-platform-commons-1.10.5.jar:/Users/yash.govindani/.m2/repository/org/apiguardian/apiguardian-api/1.1.2/apiguardian-api-1.1.2.jar:/Users/yash.govindani/.m2/repository/org/junit/jupiter/junit-jupiter-params/5.10.5/junit-jupiter-params-5.10.5.jar:/Users/yash.govindani/.m2/repository/org/junit/jupiter/junit-jupiter-engine/5.10.5/junit-jupiter-engine-5.10.5.jar:/Users/yash.govindani/.m2/repository/org/junit/platform/junit-platform-engine/1.10.5/junit-platform-engine-1.10.5.jar:/Users/yash.govindani/.m2/repository/org/mockito/mockito-core/5.11.0/mockito-core-5.11.0.jar:/Users/yash.govindani/.m2/repository/net/bytebuddy/byte-buddy-agent/1.14.19/byte-buddy-agent-1.14.19.jar:/Users/yash.govindani/.m2/repository/org/objenesis/objenesis/3.3/objenesis-3.3.jar:/Users/yash.govindani/.m2/repository/org/mockito/mockito-junit-jupiter/5.11.0/mockito-junit-jupiter-5.11.0.jar:/Users/yash.govindani/.m2/repository/org/skyscreamer/jsonassert/1.5.3/jsonassert-1.5.3.jar:/Users/yash.govindani/.m2/repository/com/vaadin/external/google/android-json/0.0.20131108.vaadin1/android-json-0.0.20131108.vaadin1.jar:/Users/yash.govindani/.m2/repository/org/springframework/spring-core/6.1.16/spring-core-6.1.16.jar:/Users/yash.govindani/.m2/repository/org/springframework/spring-jcl/6.1.16/spring-jcl-6.1.16.jar:/Users/yash.govindani/.m2/repository/org/springframework/spring-test/6.1.16/spring-test-6.1.16.jar:/Users/yash.govindani/.m2/repository/org/xmlunit/xmlunit-core/2.9.1/xmlunit-core-2.9.1.jar:"/>
    <property name="sun.cpu.endian" value="little"/>
    <property name="user.home" value="/Users/yash.govindani"/>
    <property name="user.language" value="en"/>
    <property name="java.specification.vendor" value="Oracle Corporation"/>
    <property name="java.version.date" value="2024-10-15"/>
    <property name="java.home" value="/Users/yash.govindani/personalSpace/jdk-21.0.5.jdk/Contents/Home"/>
    <property name="file.separator" value="/"/>
    <property name="basedir" value="/Users/yash.govindani/msgboard"/>
    <property name="java.vm.compressedOopsMode" value="Zero based"/>
    <property name="line.separator" value="&#10;"/>
    <property name="java.vm.specification.vendor" value="Oracle Corporation"/>
    <property name="java.specification.name" value="Java Platform API Specification"/>
    <property name="FILE_LOG_CHARSET" value="UTF-8"/>
    <property name="java.awt.headless" value="true"/>
    <property name="apple.awt.application.name" value="ForkedBooter"/>
    <property name="surefire.real.class.path" value="/Users/yash.govindani/msgboard/target/surefire/surefirebooter-20250108175215938_3.jar"/>
    <property name="sun.management.compiler" value="HotSpot 64-Bit Tiered Compilers"/>
    <property name="ftp.nonProxyHosts" value="local|*.local|169.254/16|*.169.254/16"/>
    <property name="java.runtime.version" value="21.0.5+9-LTS-239"/>
    <property name="user.name" value="yash.govindani"/>
    <property name="stdout.encoding" value="UTF-8"/>
    <property name="path.separator" value=":"/>
    <property name="os.version" value="14.6.1"/>
    <property name="java.runtime.name" value="Java(TM) SE Runtime Environment"/>
    <property name="file.encoding" value="UTF-8"/>
    <property name="java.vm.name" value="Java HotSpot(TM) 64-Bit Server VM"/>
    <property name="localRepository" value="/Users/yash.govindani/.m2/repository"/>
    <property name="java.vendor.url.bug" value="https://bugreport.java.com/bugreport/"/>
    <property name="java.io.tmpdir" value="/var/folders/39/9wrhf6nx4gg2v0xpst8t561w0000gp/T/"/>
    <property name="java.version" value="21.0.5"/>
    <property name="user.dir" value="/Users/yash.govindani/msgboard"/>
    <property name="os.arch" value="aarch64"/>
    <property name="java.vm.specification.name" value="Java Virtual Machine Specification"/>
    <property name="PID" value="46920"/>
    <property name="CONSOLE_LOG_CHARSET" value="UTF-8"/>
    <property name="native.encoding" value="UTF-8"/>
    <property name="java.library.path" value="/Users/yash.govindani/Library/Java/Extensions:/Library/Java/Extensions:/Network/Library/Java/Extensions:/System/Library/Java/Extensions:/usr/lib/java:."/>
    <property name="java.vm.info" value="mixed mode, sharing"/>
    <property name="stderr.encoding" value="UTF-8"/>
    <property name="java.vendor" value="Oracle Corporation"/>
    <property name="java.vm.version" value="21.0.5+9-LTS-239"/>
    <property name="sun.io.unicode.encoding" value="UnicodeBig"/>
    <property name="socksNonProxyHosts" value="local|*.local|169.254/16|*.169.254/16"/>
    <property name="java.class.version" value="65.0"/>
    <property name="LOGGED_APPLICATION_NAME" value="[msgboard] "/>
  </properties>
  <testcase name="contextLoads" classname="com.yash.govindani.msgboard.MsgboardApplicationTests" time="0.679">
    <system-out><![CDATA[17:52:16.640 [main] INFO org.springframework.test.context.support.AnnotationConfigContextLoaderUtils -- Could not detect default configuration classes for test class [com.yash.govindani.msgboard.MsgboardApplicationTests]: MsgboardApplicationTests does not declare any static, non-private, non-final, nested classes annotated with @Configuration.
17:52:16.722 [main] INFO org.springframework.boot.test.context.SpringBootTestContextBootstrapper -- Found @SpringBootConfiguration com.yash.govindani.msgboard.MsgboardApplication for test class com.yash.govindani.msgboard.MsgboardApplicationTests

  .   ____          _            __ _ _
 /\\ / ___'_ __ _ _(_)_ __  __ _ \ \ \ \
( ( )\___ | '_ | '_| | '_ \/ _` | \ \ \ \
 \\/  ___)| |_)| | | | | || (_| |  ) ) ) )
  '  |____| .__|_| |_|_| |_\__, | / / / /
 =========|_|==============|___/=/_/_/_/

 :: Spring Boot ::       (v3.3.8-SNAPSHOT)

2025-01-08T17:52:17.016+05:30  INFO 46920 --- [msgboard] [           main] c.y.g.msgboard.MsgboardApplicationTests  : Starting MsgboardApplicationTests using Java 21.0.5 with PID 46920 (started by yash.govindani in /Users/yash.govindani/msgboard)
2025-01-08T17:52:17.017+05:30  INFO 46920 --- [msgboard] [           main] c.y.g.msgboard.MsgboardApplicationTests  : No active profile set, falling back to 1 default profile: "default"
2025-01-08T17:52:17.907+05:30  WARN 46920 --- [msgboard] [           main] ion$DefaultTemplateResolverConfiguration : Cannot find template location: classpath:/templates/ (please add some templates, check your Thymeleaf configuration, or set spring.thymeleaf.check-template-location=false)
2025-01-08T17:52:17.965+05:30  INFO 46920 --- [msgboard] [           main] c.y.g.msgboard.MsgboardApplicationTests  : Started MsgboardApplicationTests in 1.141 seconds (process running for 1.919)
]]></system-out>
    <system-err><![CDATA[WARNING: A Java agent has been loaded dynamically (/Users/yash.govindani/.m2/repository/net/bytebuddy/byte-buddy-agent/1.14.19/byte-buddy-agent-1.14.19.jar)
WARNING: If a serviceability tool is in use, please run with -XX:+EnableDynamicAgentLoading to hide this warning
WARNING: If a serviceability tool is not in use, please run with -Djdk.instrument.traceUsage for more information
WARNING: Dynamic loading of agents will be disallowed by default in a future release
]]></system-err>
  </testcase>
</testsuite>